<?xml version="1.0" encoding="UTF-8"?>
<!-- Generated by org.testng.reporters.JUnitReportReporter -->
<testsuite skipped="0" hostname="Aleksa-PC" name="test.EbayTest" tests="1" failures="0" timestamp="23 мар 2020 17:54:06 GMT" time="30.684" errors="1">
  <testcase name="OrderingTest" time="30.684" classname="test.EbayTest">
    <error type="org.openqa.selenium.ElementClickInterceptedException" message="element click intercepted: Element &lt;span class=&quot;cbx x-refine__multi-select-cbx&quot;&gt;...&lt;/span&gt; is not clickable at point (116, 861). Other element would receive the click: &lt;h3 class=&quot;x-refine__item&quot; data-track=&quot;{&amp;quot;eventFamily&amp;quot;:&amp;quot;LST&amp;quot;,&amp;quot;eventAction&amp;quot;:&amp;quot;ACTN&amp;quot;,&amp;quot;actionKind&amp;quot;:&amp;quot;SHOWDIALOG&amp;quot;,&amp;quot;actionKinds&amp;quot;:[&amp;quot;SHOWDIALOG&amp;quot;],&amp;quot;operationId&amp;quot;:&amp;quot;2351460&amp;quot;,&amp;quot;flushImmediately&amp;quot;:false,&amp;quot;eventProperty&amp;quot;:{&amp;quot;moduledtl&amp;quot;:&amp;quot;mi%3A4118%7Ciid%3A1%7Cli%3A8171%7Cluid%3A141%7C%7C&amp;quot;,&amp;quot;pageci&amp;quot;:&amp;quot;3aab59a9-6d2f-11ea-9de3-74dbd180f620&amp;quot;,&amp;quot;parentrq&amp;quot;:&amp;quot;088758231710a9e4a875a4fffff8bf54&amp;quot;}}&quot;&gt;...&lt;/h3&gt;
  (Session info: chrome=80.0.3987.149)
Build info: version: &#039;3.141.59&#039;, revision: &#039;e82be7d358&#039;, time: &#039;2018-11-14T08:25:48&#039;
System info: host: &#039;ALEKSA-PC&#039;, ip: &#039;192.168.0.122&#039;, os.name: &#039;Windows 7&#039;, os.arch: &#039;amd64&#039;, os.version: &#039;6.1&#039;, java.version: &#039;1.8.0_241&#039;
Driver info: org.openqa.selenium.chrome.ChromeDriver
Capabilities {acceptInsecureCerts: false, browserName: chrome, browserVersion: 80.0.3987.149, chrome: {chromedriverVersion: 80.0.3987.106 (f68069574609..., userDataDir: C:\Users\Aleksa\AppData\Loc...}, goog:chromeOptions: {debuggerAddress: localhost:49560}, javascriptEnabled: true, networkConnectionEnabled: false, pageLoadStrategy: normal, platform: WINDOWS, platformName: WINDOWS, proxy: Proxy(), setWindowRect: true, strictFileInteractability: false, timeouts: {implicit: 0, pageLoad: 300000, script: 30000}, unhandledPromptBehavior: dismiss and notify}
Session ID: f820f196ae6c474303d2e7f7f9bbb2a8">
      <![CDATA[org.openqa.selenium.ElementClickInterceptedException: element click intercepted: Element <span class="cbx x-refine__multi-select-cbx">...</span> is not clickable at point (116, 861). Other element would receive the click: <h3 class="x-refine__item" data-track="{&quot;eventFamily&quot;:&quot;LST&quot;,&quot;eventAction&quot;:&quot;ACTN&quot;,&quot;actionKind&quot;:&quot;SHOWDIALOG&quot;,&quot;actionKinds&quot;:[&quot;SHOWDIALOG&quot;],&quot;operationId&quot;:&quot;2351460&quot;,&quot;flushImmediately&quot;:false,&quot;eventProperty&quot;:{&quot;moduledtl&quot;:&quot;mi%3A4118%7Ciid%3A1%7Cli%3A8171%7Cluid%3A141%7C%7C&quot;,&quot;pageci&quot;:&quot;3aab59a9-6d2f-11ea-9de3-74dbd180f620&quot;,&quot;parentrq&quot;:&quot;088758231710a9e4a875a4fffff8bf54&quot;}}">...</h3>
  (Session info: chrome=80.0.3987.149)
Build info: version: '3.141.59', revision: 'e82be7d358', time: '2018-11-14T08:25:48'
System info: host: 'ALEKSA-PC', ip: '192.168.0.122', os.name: 'Windows 7', os.arch: 'amd64', os.version: '6.1', java.version: '1.8.0_241'
Driver info: org.openqa.selenium.chrome.ChromeDriver
Capabilities {acceptInsecureCerts: false, browserName: chrome, browserVersion: 80.0.3987.149, chrome: {chromedriverVersion: 80.0.3987.106 (f68069574609..., userDataDir: C:\Users\Aleksa\AppData\Loc...}, goog:chromeOptions: {debuggerAddress: localhost:49560}, javascriptEnabled: true, networkConnectionEnabled: false, pageLoadStrategy: normal, platform: WINDOWS, platformName: WINDOWS, proxy: Proxy(), setWindowRect: true, strictFileInteractability: false, timeouts: {implicit: 0, pageLoad: 300000, script: 30000}, unhandledPromptBehavior: dismiss and notify}
Session ID: f820f196ae6c474303d2e7f7f9bbb2a8
at sun.reflect.NativeConstructorAccessorImpl.newInstance0(Native Method)
at sun.reflect.NativeConstructorAccessorImpl.newInstance(NativeConstructorAccessorImpl.java:62)
at sun.reflect.DelegatingConstructorAccessorImpl.newInstance(DelegatingConstructorAccessorImpl.java:45)
at java.lang.reflect.Constructor.newInstance(Constructor.java:423)
at org.openqa.selenium.remote.http.W3CHttpResponseCodec.createException(W3CHttpResponseCodec.java:187)
at org.openqa.selenium.remote.http.W3CHttpResponseCodec.decode(W3CHttpResponseCodec.java:122)
at org.openqa.selenium.remote.http.W3CHttpResponseCodec.decode(W3CHttpResponseCodec.java:49)
at org.openqa.selenium.remote.HttpCommandExecutor.execute(HttpCommandExecutor.java:158)
at org.openqa.selenium.remote.service.DriverCommandExecutor.execute(DriverCommandExecutor.java:83)
at org.openqa.selenium.remote.RemoteWebDriver.execute(RemoteWebDriver.java:552)
at org.openqa.selenium.remote.RemoteWebElement.execute(RemoteWebElement.java:285)
at org.openqa.selenium.remote.RemoteWebElement.click(RemoteWebElement.java:84)
at pages.SearchFillterPage.setDeliveryOption(SearchFillterPage.java:27)
at pages.SearchFillterPage.deliveryTest(SearchFillterPage.java:32)
at test.EbayTest.OrderingTest(EbayTest.java:47)
at sun.reflect.NativeMethodAccessorImpl.invoke0(Native Method)
at sun.reflect.NativeMethodAccessorImpl.invoke(NativeMethodAccessorImpl.java:62)
at sun.reflect.DelegatingMethodAccessorImpl.invoke(DelegatingMethodAccessorImpl.java:43)
at java.lang.reflect.Method.invoke(Method.java:498)
at org.testng.internal.MethodInvocationHelper.invokeMethod(MethodInvocationHelper.java:124)
at org.testng.internal.Invoker.invokeMethod(Invoker.java:580)
at org.testng.internal.Invoker.invokeTestMethod(Invoker.java:716)
at org.testng.internal.Invoker.invokeTestMethods(Invoker.java:988)
at org.testng.internal.TestMethodWorker.invokeTestMethods(TestMethodWorker.java:125)
at org.testng.internal.TestMethodWorker.run(TestMethodWorker.java:109)
at org.testng.TestRunner.privateRun(TestRunner.java:648)
at org.testng.TestRunner.run(TestRunner.java:505)
at org.testng.SuiteRunner.runTest(SuiteRunner.java:455)
at org.testng.SuiteRunner.runSequentially(SuiteRunner.java:450)
at org.testng.SuiteRunner.privateRun(SuiteRunner.java:415)
at org.testng.SuiteRunner.run(SuiteRunner.java:364)
at org.testng.SuiteRunnerWorker.runSuite(SuiteRunnerWorker.java:52)
at org.testng.SuiteRunnerWorker.run(SuiteRunnerWorker.java:84)
at org.testng.TestNG.runSuitesSequentially(TestNG.java:1208)
at org.testng.TestNG.runSuitesLocally(TestNG.java:1137)
at org.testng.TestNG.runSuites(TestNG.java:1049)
at org.testng.TestNG.run(TestNG.java:1017)
at org.testng.remote.AbstractRemoteTestNG.run(AbstractRemoteTestNG.java:114)
at org.testng.remote.RemoteTestNG.initAndRun(RemoteTestNG.java:251)
at org.testng.remote.RemoteTestNG.main(RemoteTestNG.java:77)
]]>
    </error>
  </testcase> <!-- OrderingTest -->
</testsuite> <!-- test.EbayTest -->
